<?xml version="1.0" encoding="UTF-8"?>
<!-- Generated by org.testng.reporters.JUnitXMLReporter -->
<testsuite ignored="7" hostname="LAPTOP-AKNFBI1T" failures="0" tests="8" name="Demo Web Shop" time="84.78" errors="0" timestamp="2026-04-09T21:11:51 IST">
  <testcase classname="tests.RegisterTest" name="Registration" time="4.675"/>
  <testcase classname="tests.LoginTest" name="Check_valid_Login" time="2.298"/>
  <testcase classname="tests.ProductSearchTest" name="ProductSearch_Confirmation" time="4.343"/>
  <testcase classname="tests.CategoryTest" name="Category_Confirmation" time="5.075"/>
  <testcase classname="tests.AddToCartTest" name="Check_Cart" time="8.765"/>
  <testcase classname="tests.WishlistTest" name="Wishlist_check" time="8.013"/>
  <testcase classname="tests.WishlistTocartTest" name="Validate_WishlistTocart" time="5.744"/>
  <testcase classname="tests.CartToOrderTest" name="ConfirmTheOrder" time="13.059"/>
  <testcase classname="base.BaseClass" name="@BeforeSuite loadConfig" time="0.0">
    <ignored/>
  </testcase> <!-- @BeforeSuite loadConfig -->
  <testcase classname="base.BaseClass" name="@BeforeSuite loadConfig" time="0.0">
    <ignored/>
  </testcase> <!-- @BeforeSuite loadConfig -->
  <testcase classname="base.BaseClass" name="@BeforeSuite loadConfig" time="0.0">
    <ignored/>
  </testcase> <!-- @BeforeSuite loadConfig -->
  <testcase classname="base.BaseClass" name="@BeforeSuite loadConfig" time="0.0">
    <ignored/>
  </testcase> <!-- @BeforeSuite loadConfig -->
  <testcase classname="base.BaseClass" name="@BeforeSuite loadConfig" time="0.0">
    <ignored/>
  </testcase> <!-- @BeforeSuite loadConfig -->
  <testcase classname="base.BaseClass" name="@BeforeSuite loadConfig" time="0.0">
    <ignored/>
  </testcase> <!-- @BeforeSuite loadConfig -->
  <testcase classname="base.BaseClass" name="@BeforeSuite loadConfig" time="0.0">
    <ignored/>
  </testcase> <!-- @BeforeSuite loadConfig -->
</testsuite> <!-- Demo Web Shop -->
