<?xml version="1.0" encoding="UTF-8"?>
<testng-results ignored="0" total="8" passed="7" failed="1" skipped="0">
  <reporter-output>
  </reporter-output>
  <suite started-at="2026-04-09T21:58:41 IST" name="Ecom Regression Suite" finished-at="2026-04-09T22:00:03 IST" duration-ms="81287">
    <groups>
    </groups>
    <test started-at="2026-04-09T21:58:41 IST" name="Demo Web Shop" finished-at="2026-04-09T22:00:03 IST" duration-ms="81287">
      <class name="tests.LoginTest">
        <test-method is-config="true" signature="setup()[pri:0, instance:tests.LoginTest@1f9f6368]" started-at="2026-04-09T21:58:50 IST" name="setup" finished-at="2026-04-09T21:58:54 IST" duration-ms="4337" status="PASS">
          <reporter-output>
          </reporter-output>
        </test-method> <!-- setup -->
        <test-method signature="Check_valid_Login()[pri:0, instance:tests.LoginTest@1f9f6368]" started-at="2026-04-09T21:58:54 IST" name="Check_valid_Login" finished-at="2026-04-09T21:58:56 IST" duration-ms="2079" status="PASS">
          <reporter-output>
          </reporter-output>
        </test-method> <!-- Check_valid_Login -->
        <test-method is-config="true" signature="tearDown()[pri:0, instance:tests.LoginTest@1f9f6368]" started-at="2026-04-09T21:58:56 IST" name="tearDown" finished-at="2026-04-09T21:58:57 IST" duration-ms="300" status="PASS">
          <reporter-output>
          </reporter-output>
        </test-method> <!-- tearDown -->
      </class> <!-- tests.LoginTest -->
      <class name="tests.CartToOrderTest">
        <test-method is-config="true" signature="setup()[pri:0, instance:tests.CartToOrderTest@6f36c2f0]" started-at="2026-04-09T21:59:45 IST" name="setup" finished-at="2026-04-09T21:59:48 IST" duration-ms="2554" status="PASS">
          <reporter-output>
          </reporter-output>
        </test-method> <!-- setup -->
        <test-method signature="ConfirmTheOrder()[pri:0, instance:tests.CartToOrderTest@6f36c2f0]" started-at="2026-04-09T21:59:48 IST" name="ConfirmTheOrder" finished-at="2026-04-09T22:00:02 IST" duration-ms="14356" status="PASS">
          <reporter-output>
          </reporter-output>
        </test-method> <!-- ConfirmTheOrder -->
        <test-method is-config="true" signature="tearDown()[pri:0, instance:tests.CartToOrderTest@6f36c2f0]" started-at="2026-04-09T22:00:02 IST" name="tearDown" finished-at="2026-04-09T22:00:03 IST" duration-ms="355" status="PASS">
          <reporter-output>
          </reporter-output>
        </test-method> <!-- tearDown -->
      </class> <!-- tests.CartToOrderTest -->
      <class name="tests.AddToCartTest">
        <test-method is-config="true" signature="setup()[pri:0, instance:tests.AddToCartTest@49c90a9c]" started-at="2026-04-09T21:59:13 IST" name="setup" finished-at="2026-04-09T21:59:17 IST" duration-ms="4232" status="PASS">
          <reporter-output>
          </reporter-output>
        </test-method> <!-- setup -->
        <test-method signature="Check_Cart()[pri:0, instance:tests.AddToCartTest@49c90a9c]" started-at="2026-04-09T21:59:17 IST" name="Check_Cart" finished-at="2026-04-09T21:59:24 IST" duration-ms="6039" status="FAIL">
          <exception class="java.lang.AssertionError">
            <message>
              <![CDATA[Quantity confirmation failed! expected [3] but found [1]]]>
            </message>
            <full-stacktrace>
              <![CDATA[java.lang.AssertionError: Quantity confirmation failed! expected [3] but found [1]
at org.testng.Assert.fail(Assert.java:111)
at org.testng.Assert.failNotEquals(Assert.java:1578)
at org.testng.Assert.assertEqualsImpl(Assert.java:150)
at org.testng.Assert.assertEquals(Assert.java:132)
at org.testng.Assert.assertEquals(Assert.java:656)
at pageObjects.AddtoCartPage.getProductQuantity(AddtoCartPage.java:69)
at tests.AddToCartTest.Check_Cart(AddToCartTest.java:29)
at java.base/jdk.internal.reflect.NativeMethodAccessorImpl.invoke0(Native Method)
at java.base/jdk.internal.reflect.NativeMethodAccessorImpl.invoke(NativeMethodAccessorImpl.java:77)
at java.base/jdk.internal.reflect.DelegatingMethodAccessorImpl.invoke(DelegatingMethodAccessorImpl.java:43)
at java.base/java.lang.reflect.Method.invoke(Method.java:569)
at org.testng.internal.invokers.MethodInvocationHelper.invokeMethod(MethodInvocationHelper.java:141)
at org.testng.internal.invokers.TestInvoker.invokeMethod(TestInvoker.java:686)
at org.testng.internal.invokers.TestInvoker.invokeTestMethod(TestInvoker.java:230)
at org.testng.internal.invokers.MethodRunner.runInSequence(MethodRunner.java:63)
at org.testng.internal.invokers.TestInvoker$MethodInvocationAgent.invoke(TestInvoker.java:992)
at org.testng.internal.invokers.TestInvoker.invokeTestMethods(TestInvoker.java:203)
at org.testng.internal.invokers.TestMethodWorker.invokeTestMethods(TestMethodWorker.java:154)
at org.testng.internal.invokers.TestMethodWorker.run(TestMethodWorker.java:134)
at java.base/java.util.ArrayList.forEach(ArrayList.java:1511)
at org.testng.TestRunner.privateRun(TestRunner.java:739)
at org.testng.TestRunner.run(TestRunner.java:614)
at org.testng.SuiteRunner.runTest(SuiteRunner.java:421)
at org.testng.SuiteRunner.runSequentially(SuiteRunner.java:413)
at org.testng.SuiteRunner.privateRun(SuiteRunner.java:373)
at org.testng.SuiteRunner.run(SuiteRunner.java:312)
at org.testng.SuiteRunnerWorker.runSuite(SuiteRunnerWorker.java:52)
at org.testng.SuiteRunnerWorker.run(SuiteRunnerWorker.java:95)
at org.testng.TestNG.runSuitesSequentially(TestNG.java:1274)
at org.testng.TestNG.runSuitesLocally(TestNG.java:1208)
at org.testng.TestNG.runSuites(TestNG.java:1112)
at org.testng.TestNG.run(TestNG.java:1079)
at org.testng.remote.AbstractRemoteTestNG.run(AbstractRemoteTestNG.java:115)
at org.testng.remote.RemoteTestNG.initAndRun(RemoteTestNG.java:293)
at org.testng.remote.RemoteTestNG.main(RemoteTestNG.java:91)
]]>
            </full-stacktrace>
          </exception> <!-- java.lang.AssertionError -->
          <reporter-output>
          </reporter-output>
        </test-method> <!-- Check_Cart -->
        <test-method is-config="true" signature="tearDown()[pri:0, instance:tests.AddToCartTest@49c90a9c]" started-at="2026-04-09T21:59:24 IST" name="tearDown" finished-at="2026-04-09T21:59:24 IST" duration-ms="265" status="PASS">
          <reporter-output>
          </reporter-output>
        </test-method> <!-- tearDown -->
      </class> <!-- tests.AddToCartTest -->
      <class name="tests.WishlistTocartTest">
        <test-method is-config="true" signature="setup()[pri:0, instance:tests.WishlistTocartTest@69ee81fc]" started-at="2026-04-09T21:59:35 IST" name="setup" finished-at="2026-04-09T21:59:39 IST" duration-ms="4304" status="PASS">
          <reporter-output>
          </reporter-output>
        </test-method> <!-- setup -->
        <test-method signature="Validate_WishlistTocart()[pri:0, instance:tests.WishlistTocartTest@69ee81fc]" started-at="2026-04-09T21:59:39 IST" name="Validate_WishlistTocart" finished-at="2026-04-09T21:59:45 IST" duration-ms="6066" status="PASS">
          <reporter-output>
          </reporter-output>
        </test-method> <!-- Validate_WishlistTocart -->
        <test-method is-config="true" signature="tearDown()[pri:0, instance:tests.WishlistTocartTest@69ee81fc]" started-at="2026-04-09T21:59:45 IST" name="tearDown" finished-at="2026-04-09T21:59:45 IST" duration-ms="309" status="PASS">
          <reporter-output>
          </reporter-output>
        </test-method> <!-- tearDown -->
      </class> <!-- tests.WishlistTocartTest -->
      <class name="tests.ProductSearchTest">
        <test-method is-config="true" signature="setup()[pri:0, instance:tests.ProductSearchTest@1c9b0314]" started-at="2026-04-09T21:58:57 IST" name="setup" finished-at="2026-04-09T21:59:01 IST" duration-ms="4361" status="PASS">
          <reporter-output>
          </reporter-output>
        </test-method> <!-- setup -->
        <test-method signature="ProductSearch_Confirmation()[pri:0, instance:tests.ProductSearchTest@1c9b0314]" started-at="2026-04-09T21:59:01 IST" name="ProductSearch_Confirmation" finished-at="2026-04-09T21:59:05 IST" duration-ms="4321" status="PASS">
          <reporter-output>
          </reporter-output>
        </test-method> <!-- ProductSearch_Confirmation -->
        <test-method is-config="true" signature="tearDown()[pri:0, instance:tests.ProductSearchTest@1c9b0314]" started-at="2026-04-09T21:59:05 IST" name="tearDown" finished-at="2026-04-09T21:59:05 IST" duration-ms="259" status="PASS">
          <reporter-output>
          </reporter-output>
        </test-method> <!-- tearDown -->
      </class> <!-- tests.ProductSearchTest -->
      <class name="tests.CategoryTest">
        <test-method is-config="true" signature="setup()[pri:0, instance:tests.CategoryTest@45385f75]" started-at="2026-04-09T21:59:05 IST" name="setup" finished-at="2026-04-09T21:59:10 IST" duration-ms="4241" status="PASS">
          <reporter-output>
          </reporter-output>
        </test-method> <!-- setup -->
        <test-method signature="Category_Confirmation()[pri:0, instance:tests.CategoryTest@45385f75]" started-at="2026-04-09T21:59:10 IST" name="Category_Confirmation" finished-at="2026-04-09T21:59:13 IST" duration-ms="3193" status="PASS">
          <reporter-output>
          </reporter-output>
        </test-method> <!-- Category_Confirmation -->
        <test-method is-config="true" signature="tearDown()[pri:0, instance:tests.CategoryTest@45385f75]" started-at="2026-04-09T21:59:13 IST" name="tearDown" finished-at="2026-04-09T21:59:13 IST" duration-ms="310" status="PASS">
          <reporter-output>
          </reporter-output>
        </test-method> <!-- tearDown -->
      </class> <!-- tests.CategoryTest -->
      <class name="tests.RegisterTest">
        <test-method is-config="true" signature="setup()[pri:0, instance:tests.RegisterTest@1df8da7a]" started-at="2026-04-09T21:58:41 IST" name="setup" finished-at="2026-04-09T21:58:45 IST" duration-ms="3354" status="PASS">
          <reporter-output>
          </reporter-output>
        </test-method> <!-- setup -->
        <test-method signature="Registration()[pri:0, instance:tests.RegisterTest@1df8da7a]" started-at="2026-04-09T21:58:45 IST" name="Registration" finished-at="2026-04-09T21:58:49 IST" duration-ms="4597" status="PASS">
          <reporter-output>
          </reporter-output>
        </test-method> <!-- Registration -->
        <test-method is-config="true" signature="tearDown()[pri:0, instance:tests.RegisterTest@1df8da7a]" started-at="2026-04-09T21:58:49 IST" name="tearDown" finished-at="2026-04-09T21:58:50 IST" duration-ms="348" status="PASS">
          <reporter-output>
          </reporter-output>
        </test-method> <!-- tearDown -->
      </class> <!-- tests.RegisterTest -->
      <class name="tests.WishlistTest">
        <test-method is-config="true" signature="setup()[pri:0, instance:tests.WishlistTest@2d29b4ee]" started-at="2026-04-09T21:59:24 IST" name="setup" finished-at="2026-04-09T21:59:28 IST" duration-ms="4363" status="PASS">
          <reporter-output>
          </reporter-output>
        </test-method> <!-- setup -->
        <test-method signature="Wishlist_check()[pri:0, instance:tests.WishlistTest@2d29b4ee]" started-at="2026-04-09T21:59:28 IST" name="Wishlist_check" finished-at="2026-04-09T21:59:34 IST" duration-ms="6015" status="PASS">
          <reporter-output>
          </reporter-output>
        </test-method> <!-- Wishlist_check -->
        <test-method is-config="true" signature="tearDown()[pri:0, instance:tests.WishlistTest@2d29b4ee]" started-at="2026-04-09T21:59:34 IST" name="tearDown" finished-at="2026-04-09T21:59:35 IST" duration-ms="348" status="PASS">
          <reporter-output>
          </reporter-output>
        </test-method> <!-- tearDown -->
      </class> <!-- tests.WishlistTest -->
    </test> <!-- Demo Web Shop -->
  </suite> <!-- Ecom Regression Suite -->
</testng-results>
